build/app/intermediates/manifest_merge_blame_file/debug/processDebugMainManifest/manifest-merger-blame-debug-report.txt
1<?xml version="1.0" encoding="utf-8"?>
2<manifest xmlns:android="http://schemas.android.com/apk/res/android"
3    package="com.paseodelcomercio.app"
4    android:versionCode="1"
5    android:versionName="1.0.0" >
6
7    <uses-sdk
8        android:minSdkVersion="24"
9        android:targetSdkVersion="36" />
10    <!--
11         The INTERNET permission is required for development. Specifically,
12         the Flutter tool needs it to communicate with the running application
13         to allow setting breakpoints, to provide hot reload, etc.
14    -->
15    <uses-permission android:name="android.permission.INTERNET" />
15-->src/main/AndroidManifest.xml:2:5-67
15-->src/main/AndroidManifest.xml:2:22-64
16
17    <queries>
17-->src/main/AndroidManifest.xml:45:5-50:15
18        <intent>
18-->src/main/AndroidManifest.xml:46:9-49:18
19            <action android:name="android.intent.action.PROCESS_TEXT" />
19-->src/main/AndroidManifest.xml:47:13-72
19-->src/main/AndroidManifest.xml:47:21-70
20
21            <data android:mimeType="text/plain" />
21-->src/main/AndroidManifest.xml:48:13-50
21-->src/main/AndroidManifest.xml:48:19-48
22        </intent>
23        <!-- Needs to be explicitly declared on Android R+ -->
24        <package android:name="com.google.android.apps.maps" />
24-->[com.google.android.gms:play-services-maps:20.0.0] AndroidManifest.xml:29:7-61
24-->[com.google.android.gms:play-services-maps:20.0.0] AndroidManifest.xml:29:16-59
25    </queries>
26
27    <uses-permission android:name="android.permission.ACCESS_NETWORK_STATE" />
27-->[:connectivity_plus] AndroidManifest.xml:7:5-79
27-->[:connectivity_plus] AndroidManifest.xml:7:22-76
28
29    <uses-feature
29-->[com.google.android.gms:play-services-maps:20.0.0] AndroidManifest.xml:22:5-24:33
30        android:glEsVersion="0x00020000"
30-->[com.google.android.gms:play-services-maps:20.0.0] AndroidManifest.xml:23:8-40
31        android:required="true" />
31-->[com.google.android.gms:play-services-maps:20.0.0] AndroidManifest.xml:24:8-31
32
33    <permission
33-->[androidx.core:core:1.17.0] AndroidManifest.xml:22:5-24:47
34        android:name="com.paseodelcomercio.app.DYNAMIC_RECEIVER_NOT_EXPORTED_PERMISSION"
34-->[androidx.core:core:1.17.0] AndroidManifest.xml:23:9-81
35        android:protectionLevel="signature" />
35-->[androidx.core:core:1.17.0] AndroidManifest.xml:24:9-44
36
37    <uses-permission android:name="com.paseodelcomercio.app.DYNAMIC_RECEIVER_NOT_EXPORTED_PERMISSION" />
37-->[androidx.core:core:1.17.0] AndroidManifest.xml:26:5-97
37-->[androidx.core:core:1.17.0] AndroidManifest.xml:26:22-94
38
39    <application
40        android:name="android.app.Application"
41        android:appComponentFactory="androidx.core.app.CoreComponentFactory"
41-->[androidx.core:core:1.17.0] AndroidManifest.xml:28:18-86
42        android:debuggable="true"
43        android:extractNativeLibs="false"
44        android:icon="@mipmap/ic_launcher"
45        android:label="paseo_del_comercio" >
46        <activity
47            android:name="com.example.paseo_del_comercio.MainActivity"
48            android:configChanges="orientation|keyboardHidden|keyboard|screenSize|smallestScreenSize|locale|layoutDirection|fontScale|screenLayout|density|uiMode"
49            android:exported="true"
50            android:hardwareAccelerated="true"
51            android:launchMode="singleTop"
52            android:taskAffinity=""
53            android:theme="@style/LaunchTheme"
54            android:windowSoftInputMode="adjustResize" >
55            <meta-data
56                android:name="io.flutter.embedding.android.NormalTheme"
57                android:resource="@style/NormalTheme" />
58
59            <!-- Launcher -->
60            <intent-filter>
61                <action android:name="android.intent.action.MAIN" />
62
63                <category android:name="android.intent.category.LAUNCHER" />
64            </intent-filter>
65
66            <!-- Clerk callback -->
67            <intent-filter>
68                <action android:name="android.intent.action.VIEW" />
69
70                <category android:name="android.intent.category.DEFAULT" />
71                <category android:name="android.intent.category.BROWSABLE" />
72
73                <data
73-->src/main/AndroidManifest.xml:48:13-50
74                    android:host="callback"
75                    android:scheme="paseodelcomercio" />
76            </intent-filter>
77        </activity>
78
79        <meta-data
80            android:name="flutterEmbedding"
81            android:value="2" />
82        <!--
83           Declares a provider which allows us to store files to share in
84           '.../caches/share_plus' and grant the receiving action access
85        -->
86        <provider
86-->[:share_plus] AndroidManifest.xml:13:9-21:20
87            android:name="dev.fluttercommunity.plus.share.ShareFileProvider"
87-->[:share_plus] AndroidManifest.xml:14:13-77
88            android:authorities="com.paseodelcomercio.app.flutter.share_provider"
88-->[:share_plus] AndroidManifest.xml:15:13-74
89            android:exported="false"
89-->[:share_plus] AndroidManifest.xml:16:13-37
90            android:grantUriPermissions="true" >
90-->[:share_plus] AndroidManifest.xml:17:13-47
91            <meta-data
91-->[:share_plus] AndroidManifest.xml:18:13-20:68
92                android:name="android.support.FILE_PROVIDER_PATHS"
92-->[:share_plus] AndroidManifest.xml:19:17-67
93                android:resource="@xml/flutter_share_file_paths" />
93-->[:share_plus] AndroidManifest.xml:20:17-65
94        </provider>
95        <!--
96           This manifest declared broadcast receiver allows us to use an explicit
97           Intent when creating a PendingItent to be informed of the user's choice
98        -->
99        <receiver
99-->[:share_plus] AndroidManifest.xml:26:9-32:20
100            android:name="dev.fluttercommunity.plus.share.SharePlusPendingIntent"
100-->[:share_plus] AndroidManifest.xml:27:13-82
101            android:exported="false" >
101-->[:share_plus] AndroidManifest.xml:28:13-37
102            <intent-filter>
102-->[:share_plus] AndroidManifest.xml:29:13-31:29
103                <action android:name="EXTRA_CHOSEN_COMPONENT" />
103-->[:share_plus] AndroidManifest.xml:30:17-65
103-->[:share_plus] AndroidManifest.xml:30:25-62
104            </intent-filter>
105        </receiver>
106
107        <service
107-->[:geolocator_android] AndroidManifest.xml:8:9-12:56
108            android:name="com.baseflow.geolocator.GeolocatorLocationService"
108-->[:geolocator_android] AndroidManifest.xml:9:13-77
109            android:enabled="true"
109-->[:geolocator_android] AndroidManifest.xml:10:13-35
110            android:exported="false"
110-->[:geolocator_android] AndroidManifest.xml:11:13-37
111            android:foregroundServiceType="location" />
111-->[:geolocator_android] AndroidManifest.xml:12:13-53
112
113        <provider
113-->[:image_picker_android] AndroidManifest.xml:9:9-17:20
114            android:name="io.flutter.plugins.imagepicker.ImagePickerFileProvider"
114-->[:image_picker_android] AndroidManifest.xml:10:13-82
115            android:authorities="com.paseodelcomercio.app.flutter.image_provider"
115-->[:image_picker_android] AndroidManifest.xml:11:13-74
116            android:exported="false"
116-->[:image_picker_android] AndroidManifest.xml:12:13-37
117            android:grantUriPermissions="true" >
117-->[:image_picker_android] AndroidManifest.xml:13:13-47
118            <meta-data
118-->[:share_plus] AndroidManifest.xml:18:13-20:68
119                android:name="android.support.FILE_PROVIDER_PATHS"
119-->[:share_plus] AndroidManifest.xml:19:17-67
120                android:resource="@xml/flutter_image_picker_file_paths" />
120-->[:share_plus] AndroidManifest.xml:20:17-65
121        </provider> <!-- Trigger Google Play services to install the backported photo picker module. -->
122        <service
122-->[:image_picker_android] AndroidManifest.xml:19:9-31:19
123            android:name="com.google.android.gms.metadata.ModuleDependencies"
123-->[:image_picker_android] AndroidManifest.xml:20:13-78
124            android:enabled="false"
124-->[:image_picker_android] AndroidManifest.xml:21:13-36
125            android:exported="false" >
125-->[:image_picker_android] AndroidManifest.xml:22:13-37
126            <intent-filter>
126-->[:image_picker_android] AndroidManifest.xml:24:13-26:29
127                <action android:name="com.google.android.gms.metadata.MODULE_DEPENDENCIES" />
127-->[:image_picker_android] AndroidManifest.xml:25:17-94
127-->[:image_picker_android] AndroidManifest.xml:25:25-91
128            </intent-filter>
129
130            <meta-data
130-->[:image_picker_android] AndroidManifest.xml:28:13-30:36
131                android:name="photopicker_activity:0:required"
131-->[:image_picker_android] AndroidManifest.xml:29:17-63
132                android:value="" />
132-->[:image_picker_android] AndroidManifest.xml:30:17-33
133        </service>
134
135        <activity
135-->[:url_launcher_android] AndroidManifest.xml:8:9-11:74
136            android:name="io.flutter.plugins.urllauncher.WebViewActivity"
136-->[:url_launcher_android] AndroidManifest.xml:9:13-74
137            android:exported="false"
137-->[:url_launcher_android] AndroidManifest.xml:10:13-37
138            android:theme="@android:style/Theme.NoTitleBar.Fullscreen" />
138-->[:url_launcher_android] AndroidManifest.xml:11:13-71
139
140        <uses-library
140-->[androidx.window:window:1.2.0] AndroidManifest.xml:23:9-25:40
141            android:name="androidx.window.extensions"
141-->[androidx.window:window:1.2.0] AndroidManifest.xml:24:13-54
142            android:required="false" />
142-->[androidx.window:window:1.2.0] AndroidManifest.xml:25:13-37
143        <uses-library
143-->[androidx.window:window:1.2.0] AndroidManifest.xml:26:9-28:40
144            android:name="androidx.window.sidecar"
144-->[androidx.window:window:1.2.0] AndroidManifest.xml:27:13-51
145            android:required="false" />
145-->[androidx.window:window:1.2.0] AndroidManifest.xml:28:13-37
146
147        <meta-data
147-->[com.google.maps.android:android-maps-utils:4.0.0] AndroidManifest.xml:24:9-26:69
148            android:name="com.google.android.gms.version"
148-->[com.google.maps.android:android-maps-utils:4.0.0] AndroidManifest.xml:25:13-58
149            android:value="@integer/google_play_services_version" />
149-->[com.google.maps.android:android-maps-utils:4.0.0] AndroidManifest.xml:26:13-66
150
151        <provider
151-->[com.google.maps.android:android-maps-utils:4.0.0] AndroidManifest.xml:28:9-36:20
152            android:name="androidx.startup.InitializationProvider"
152-->[com.google.maps.android:android-maps-utils:4.0.0] AndroidManifest.xml:29:13-67
153            android:authorities="com.paseodelcomercio.app.androidx-startup"
153-->[com.google.maps.android:android-maps-utils:4.0.0] AndroidManifest.xml:30:13-68
154            android:exported="false" >
154-->[com.google.maps.android:android-maps-utils:4.0.0] AndroidManifest.xml:31:13-37
155            <meta-data
155-->[com.google.maps.android:android-maps-utils:4.0.0] AndroidManifest.xml:33:13-35:52
156                android:name="com.google.maps.android.utils.attribution.AttributionIdInitializer"
156-->[com.google.maps.android:android-maps-utils:4.0.0] AndroidManifest.xml:34:17-98
157                android:value="androidx.startup" />
157-->[com.google.maps.android:android-maps-utils:4.0.0] AndroidManifest.xml:35:17-49
158            <meta-data
158-->[androidx.emoji2:emoji2:1.3.0] AndroidManifest.xml:29:13-31:52
159                android:name="androidx.emoji2.text.EmojiCompatInitializer"
159-->[androidx.emoji2:emoji2:1.3.0] AndroidManifest.xml:30:17-75
160                android:value="androidx.startup" />
160-->[androidx.emoji2:emoji2:1.3.0] AndroidManifest.xml:31:17-49
161            <meta-data
161-->[androidx.lifecycle:lifecycle-process:2.7.0] AndroidManifest.xml:29:13-31:52
162                android:name="androidx.lifecycle.ProcessLifecycleInitializer"
162-->[androidx.lifecycle:lifecycle-process:2.7.0] AndroidManifest.xml:30:17-78
163                android:value="androidx.startup" />
163-->[androidx.lifecycle:lifecycle-process:2.7.0] AndroidManifest.xml:31:17-49
164            <meta-data
164-->[androidx.profileinstaller:profileinstaller:1.4.0] AndroidManifest.xml:29:13-31:52
165                android:name="androidx.profileinstaller.ProfileInstallerInitializer"
165-->[androidx.profileinstaller:profileinstaller:1.4.0] AndroidManifest.xml:30:17-85
166                android:value="androidx.startup" />
166-->[androidx.profileinstaller:profileinstaller:1.4.0] AndroidManifest.xml:31:17-49
167        </provider>
168
169        <activity
169-->[com.google.android.gms:play-services-base:18.5.0] AndroidManifest.xml:5:9-173
170            android:name="com.google.android.gms.common.api.GoogleApiActivity"
170-->[com.google.android.gms:play-services-base:18.5.0] AndroidManifest.xml:5:19-85
171            android:exported="false"
171-->[com.google.android.gms:play-services-base:18.5.0] AndroidManifest.xml:5:146-170
172            android:theme="@android:style/Theme.Translucent.NoTitleBar" />
172-->[com.google.android.gms:play-services-base:18.5.0] AndroidManifest.xml:5:86-145
173
174        <receiver
174-->[androidx.profileinstaller:profileinstaller:1.4.0] AndroidManifest.xml:34:9-52:20
175            android:name="androidx.profileinstaller.ProfileInstallReceiver"
175-->[androidx.profileinstaller:profileinstaller:1.4.0] AndroidManifest.xml:35:13-76
176            android:directBootAware="false"
176-->[androidx.profileinstaller:profileinstaller:1.4.0] AndroidManifest.xml:36:13-44
177            android:enabled="true"
177-->[androidx.profileinstaller:profileinstaller:1.4.0] AndroidManifest.xml:37:13-35
178            android:exported="true"
178-->[androidx.profileinstaller:profileinstaller:1.4.0] AndroidManifest.xml:38:13-36
179            android:permission="android.permission.DUMP" >
179-->[androidx.profileinstaller:profileinstaller:1.4.0] AndroidManifest.xml:39:13-57
180            <intent-filter>
180-->[androidx.profileinstaller:profileinstaller:1.4.0] AndroidManifest.xml:40:13-42:29
181                <action android:name="androidx.profileinstaller.action.INSTALL_PROFILE" />
181-->[androidx.profileinstaller:profileinstaller:1.4.0] AndroidManifest.xml:41:17-91
181-->[androidx.profileinstaller:profileinstaller:1.4.0] AndroidManifest.xml:41:25-88
182            </intent-filter>
183            <intent-filter>
183-->[androidx.profileinstaller:profileinstaller:1.4.0] AndroidManifest.xml:43:13-45:29
184                <action android:name="androidx.profileinstaller.action.SKIP_FILE" />
184-->[androidx.profileinstaller:profileinstaller:1.4.0] AndroidManifest.xml:44:17-85
184-->[androidx.profileinstaller:profileinstaller:1.4.0] AndroidManifest.xml:44:25-82
185            </intent-filter>
186            <intent-filter>
186-->[androidx.profileinstaller:profileinstaller:1.4.0] AndroidManifest.xml:46:13-48:29
187                <action android:name="androidx.profileinstaller.action.SAVE_PROFILE" />
187-->[androidx.profileinstaller:profileinstaller:1.4.0] AndroidManifest.xml:47:17-88
187-->[androidx.profileinstaller:profileinstaller:1.4.0] AndroidManifest.xml:47:25-85
188            </intent-filter>
189            <intent-filter>
189-->[androidx.profileinstaller:profileinstaller:1.4.0] AndroidManifest.xml:49:13-51:29
190                <action android:name="androidx.profileinstaller.action.BENCHMARK_OPERATION" />
190-->[androidx.profileinstaller:profileinstaller:1.4.0] AndroidManifest.xml:50:17-95
190-->[androidx.profileinstaller:profileinstaller:1.4.0] AndroidManifest.xml:50:25-92
191            </intent-filter>
192        </receiver>
193    </application>
194
195</manifest>